This is pdfTeX, Version 3.14159265-2.6-1.40.17 (MiKTeX 2.9) (preloaded format=pdflatex 2016.7.1)  21 SEP 2016 22:56
entering extended mode
**"./Thesis doc V0.1.tex"
("Thesis doc V0.1.tex"
LaTeX2e <2016/03/31> patch level 1
Babel <3.9r> and hyphenation patterns for 75 language(s) loaded.
("C:\Program Files (x86)\MiKTeX 2.9\tex\latex\base\article.cls"
Document Class: article 2014/09/29 v1.4h Standard LaTeX document class
("C:\Program Files (x86)\MiKTeX 2.9\tex\latex\base\size11.clo"
File: size11.clo 2014/09/29 v1.4h Standard LaTeX file (size option)
)
\c@part=\count79
\c@section=\count80
\c@subsection=\count81
\c@subsubsection=\count82
\c@paragraph=\count83
\c@subparagraph=\count84
\c@figure=\count85
\c@table=\count86
\abovecaptionskip=\skip41
\belowcaptionskip=\skip42
\bibindent=\dimen102
)
("C:\Program Files (x86)\MiKTeX 2.9\tex\latex\graphics\graphicx.sty"
Package: graphicx 2014/10/28 v1.0g Enhanced LaTeX Graphics (DPC,SPQR)

("C:\Program Files (x86)\MiKTeX 2.9\tex\latex\graphics\keyval.sty"
Package: keyval 2014/10/28 v1.15 key=value parser (DPC)
\KV@toks@=\toks14
)
("C:\Program Files (x86)\MiKTeX 2.9\tex\latex\graphics\graphics.sty"
Package: graphics 2016/06/02 v1.0s Standard LaTeX Graphics (DPC,SPQR)

("C:\Program Files (x86)\MiKTeX 2.9\tex\latex\graphics\trig.sty"
Package: trig 2016/01/03 v1.10 sin cos tan (DPC)
)
("C:\Program Files (x86)\MiKTeX 2.9\tex\latex\00miktex\graphics.cfg"
File: graphics.cfg 2016/06/04 v1.11 sample graphics configuration
)
Package graphics Info: Driver file: pdftex.def on input line 99.

("C:\Program Files (x86)\MiKTeX 2.9\tex\latex\pdftex-def\pdftex.def"
File: pdftex.def 2016/06/17 v0.06h Graphics/color for pdfTeX

("C:\Program Files (x86)\MiKTeX 2.9\tex\generic\oberdiek\infwarerr.sty"
Package: infwarerr 2016/05/16 v1.4 Providing info/warning/error messages (HO)
)
("C:\Program Files (x86)\MiKTeX 2.9\tex\generic\oberdiek\ltxcmds.sty"
Package: ltxcmds 2016/05/16 v1.23 LaTeX kernel commands for general use (HO)
)
\Gread@gobject=\count87
))
\Gin@req@height=\dimen103
\Gin@req@width=\dimen104
)
("C:\Program Files (x86)\MiKTeX 2.9\tex\latex\geometry\geometry.sty"
Package: geometry 2010/09/12 v5.6 Page Geometry

("C:\Program Files (x86)\MiKTeX 2.9\tex\generic\oberdiek\ifpdf.sty"
Package: ifpdf 2016/05/14 v3.1 Provides the ifpdf switch
)
("C:\Program Files (x86)\MiKTeX 2.9\tex\generic\oberdiek\ifvtex.sty"
Package: ifvtex 2016/05/16 v1.6 Detect VTeX and its facilities (HO)
Package ifvtex Info: VTeX not detected.
)
("C:\Program Files (x86)\MiKTeX 2.9\tex\generic\ifxetex\ifxetex.sty"
Package: ifxetex 2010/09/12 v0.6 Provides ifxetex conditional
)
\Gm@cnth=\count88
\Gm@cntv=\count89
\c@Gm@tempcnt=\count90
\Gm@bindingoffset=\dimen105
\Gm@wd@mp=\dimen106
\Gm@odd@mp=\dimen107
\Gm@even@mp=\dimen108
\Gm@layoutwidth=\dimen109
\Gm@layoutheight=\dimen110
\Gm@layouthoffset=\dimen111
\Gm@layoutvoffset=\dimen112
\Gm@dimlist=\toks15

("C:\Program Files (x86)\MiKTeX 2.9\tex\latex\geometry\geometry.cfg"))
("C:\Program Files (x86)\MiKTeX 2.9\tex\latex\hyperref\hyperref.sty"
Package: hyperref 2016/05/21 v6.83p Hypertext links for LaTeX

("C:\Program Files (x86)\MiKTeX 2.9\tex\generic\oberdiek\hobsub-hyperref.sty"
Package: hobsub-hyperref 2016/05/16 v1.14 Bundle oberdiek, subset hyperref (HO)


("C:\Program Files (x86)\MiKTeX 2.9\tex\generic\oberdiek\hobsub-generic.sty"
Package: hobsub-generic 2016/05/16 v1.14 Bundle oberdiek, subset generic (HO)
Package: hobsub 2016/05/16 v1.14 Construct package bundles (HO)
Package hobsub Info: Skipping package `infwarerr' (already loaded).
Package hobsub Info: Skipping package `ltxcmds' (already loaded).
Package: ifluatex 2016/05/16 v1.4 Provides the ifluatex switch (HO)
Package ifluatex Info: LuaTeX not detected.
Package hobsub Info: Skipping package `ifvtex' (already loaded).
Package: intcalc 2016/05/16 v1.2 Expandable calculations with integers (HO)
Package hobsub Info: Skipping package `ifpdf' (already loaded).
Package: etexcmds 2016/05/16 v1.6 Avoid name clashes with e-TeX commands (HO)
Package etexcmds Info: Could not find \expanded.
(etexcmds)             That can mean that you are not using pdfTeX 1.50 or
(etexcmds)             that some package has redefined \expanded.
(etexcmds)             In the latter case, load this package earlier.
Package: kvsetkeys 2016/05/16 v1.17 Key value parser (HO)
Package: kvdefinekeys 2016/05/16 v1.4 Define keys (HO)
Package: pdftexcmds 2016/05/21 v0.22 Utility functions of pdfTeX for LuaTeX (HO
)
Package pdftexcmds Info: LuaTeX not detected.
Package pdftexcmds Info: \pdf@primitive is available.
Package pdftexcmds Info: \pdf@ifprimitive is available.
Package pdftexcmds Info: \pdfdraftmode found.
Package: pdfescape 2016/05/16 v1.14 Implements pdfTeX's escape features (HO)
Package: bigintcalc 2016/05/16 v1.4 Expandable calculations on big integers (HO
)
Package: bitset 2016/05/16 v1.2 Handle bit-vector datatype (HO)
Package: uniquecounter 2016/05/16 v1.3 Provide unlimited unique counter (HO)
)
Package hobsub Info: Skipping package `hobsub' (already loaded).
Package: letltxmacro 2016/05/16 v1.5 Let assignment for LaTeX macros (HO)
Package: hopatch 2016/05/16 v1.3 Wrapper for package hooks (HO)
Package: xcolor-patch 2016/05/16 xcolor patch
Package: atveryend 2016/05/16 v1.9 Hooks at the very end of document (HO)
Package atveryend Info: \enddocument detected (standard20110627).
Package: atbegshi 2016/06/09 v1.18 At begin shipout hook (HO)
Package: refcount 2016/05/16 v3.5 Data extraction from label references (HO)
Package: hycolor 2016/05/16 v1.8 Color options for hyperref/bookmark (HO)
)
("C:\Program Files (x86)\MiKTeX 2.9\tex\latex\oberdiek\auxhook.sty"
Package: auxhook 2016/05/16 v1.4 Hooks for auxiliary files (HO)
)
("C:\Program Files (x86)\MiKTeX 2.9\tex\latex\oberdiek\kvoptions.sty"
Package: kvoptions 2016/05/16 v3.12 Key value format for package options (HO)
)
\@linkdim=\dimen113
\Hy@linkcounter=\count91
\Hy@pagecounter=\count92

("C:\Program Files (x86)\MiKTeX 2.9\tex\latex\hyperref\pd1enc.def"
File: pd1enc.def 2016/05/21 v6.83p Hyperref: PDFDocEncoding definition (HO)
)
\Hy@SavedSpaceFactor=\count93

("C:\Program Files (x86)\MiKTeX 2.9\tex\latex\00miktex\hyperref.cfg"
File: hyperref.cfg 2002/06/06 v1.2 hyperref configuration of TeXLive
)
Package hyperref Info: Hyper figures OFF on input line 4486.
Package hyperref Info: Link nesting OFF on input line 4491.
Package hyperref Info: Hyper index ON on input line 4494.
Package hyperref Info: Plain pages OFF on input line 4501.
Package hyperref Info: Backreferencing OFF on input line 4506.
Package hyperref Info: Implicit mode ON; LaTeX internals redefined.
Package hyperref Info: Bookmarks ON on input line 4735.
\c@Hy@tempcnt=\count94

("C:\Program Files (x86)\MiKTeX 2.9\tex\latex\url\url.sty"
\Urlmuskip=\muskip10
Package: url 2013/09/16  ver 3.4  Verb mode for urls, etc.
)
LaTeX Info: Redefining \url on input line 5088.
\XeTeXLinkMargin=\dimen114
\Fld@menulength=\count95
\Field@Width=\dimen115
\Fld@charsize=\dimen116
Package hyperref Info: Hyper figures OFF on input line 6342.
Package hyperref Info: Link nesting OFF on input line 6347.
Package hyperref Info: Hyper index ON on input line 6350.
Package hyperref Info: backreferencing OFF on input line 6357.
Package hyperref Info: Link coloring OFF on input line 6362.
Package hyperref Info: Link coloring with OCG OFF on input line 6367.
Package hyperref Info: PDF/A mode OFF on input line 6372.
LaTeX Info: Redefining \ref on input line 6412.
LaTeX Info: Redefining \pageref on input line 6416.
\Hy@abspage=\count96
\c@Item=\count97
\c@Hfootnote=\count98
)

Package hyperref Message: Driver (autodetected): hpdftex.

("C:\Program Files (x86)\MiKTeX 2.9\tex\latex\hyperref\hpdftex.def"
File: hpdftex.def 2016/05/21 v6.83p Hyperref driver for pdfTeX
\Fld@listcount=\count99
\c@bookmark@seq@number=\count100

("C:\Program Files (x86)\MiKTeX 2.9\tex\latex\oberdiek\rerunfilecheck.sty"
Package: rerunfilecheck 2016/05/16 v1.8 Rerun checks for auxiliary files (HO)
Package uniquecounter Info: New unique counter `rerunfilecheck' on input line 2
82.
)
\Hy@SectionHShift=\skip43
)
("C:\Program Files (x86)\MiKTeX 2.9\tex\latex\amsmath\amsmath.sty"
Package: amsmath 2016/03/10 v2.15b AMS math features
\@mathmargin=\skip44

For additional information on amsmath, use the `?' option.
("C:\Program Files (x86)\MiKTeX 2.9\tex\latex\amsmath\amstext.sty"
Package: amstext 2000/06/29 v2.01 AMS text

("C:\Program Files (x86)\MiKTeX 2.9\tex\latex\amsmath\amsgen.sty"
File: amsgen.sty 1999/11/30 v2.0 generic functions
\@emptytoks=\toks16
\ex@=\dimen117
))
("C:\Program Files (x86)\MiKTeX 2.9\tex\latex\amsmath\amsbsy.sty"
Package: amsbsy 1999/11/29 v1.2d Bold Symbols
\pmbraise@=\dimen118
)
("C:\Program Files (x86)\MiKTeX 2.9\tex\latex\amsmath\amsopn.sty"
Package: amsopn 2016/03/08 v2.02 operator names
)
\inf@bad=\count101
LaTeX Info: Redefining \frac on input line 199.
\uproot@=\count102
\leftroot@=\count103
LaTeX Info: Redefining \overline on input line 297.
\classnum@=\count104
\DOTSCASE@=\count105
LaTeX Info: Redefining \ldots on input line 394.
LaTeX Info: Redefining \dots on input line 397.
LaTeX Info: Redefining \cdots on input line 518.
\Mathstrutbox@=\box26
\strutbox@=\box27
\big@size=\dimen119
LaTeX Font Info:    Redeclaring font encoding OML on input line 634.
LaTeX Font Info:    Redeclaring font encoding OMS on input line 635.
\macc@depth=\count106
\c@MaxMatrixCols=\count107
\dotsspace@=\muskip11
\c@parentequation=\count108
\dspbrk@lvl=\count109
\tag@help=\toks17
\row@=\count110
\column@=\count111
\maxfields@=\count112
\andhelp@=\toks18
\eqnshift@=\dimen120
\alignsep@=\dimen121
\tagshift@=\dimen122
\tagwidth@=\dimen123
\totwidth@=\dimen124
\lineht@=\dimen125
\@envbody=\toks19
\multlinegap=\skip45
\multlinetaggap=\skip46
\mathdisplay@stack=\toks20
LaTeX Info: Redefining \[ on input line 2739.
LaTeX Info: Redefining \] on input line 2740.
)
("C:\Program Files (x86)\MiKTeX 2.9\tex\latex\titlesec\titlesec.sty"
Package: titlesec 2016/03/21 v2.10.2 Sectioning titles
\ttl@box=\box28
\beforetitleunit=\skip47
\aftertitleunit=\skip48
\ttl@plus=\dimen126
\ttl@minus=\dimen127
\ttl@toksa=\toks21
\titlewidth=\dimen128
\titlewidthlast=\dimen129
\titlewidthfirst=\dimen130
)
("C:\Program Files (x86)\MiKTeX 2.9\tex\latex\titlesec\block.tss"
File: block.tss 2016/03/15
)
("C:\Program Files (x86)\MiKTeX 2.9\tex\latex\nomencl\nomencl.sty"
Package: nomencl 2005/09/22 v4.2 Nomenclature package (LN)
\nomlabelwidth=\dimen131
\nom@tempdim=\dimen132
\nomitemsep=\skip49
)
\@nomenclaturefile=\write3
\openout3 = `"Thesis doc V0.1.nlo"'.


Writing nomenclature file "Thesis doc V0.1".nlo
("C:\Program Files (x86)\MiKTeX 2.9\tex\latex\appendix\appendix.sty"
Package: appendix 2009/09/02 v1.2b extra appendix facilities
\c@@pps=\count113
\c@@ppsavesec=\count114
\c@@ppsaveapp=\count115
)
("C:\Program Files (x86)\MiKTeX 2.9\tex\latex\oberdiek\pdflscape.sty"
Package: pdflscape 2016/05/14 v0.11 Display of landscape pages in PDF (HO)

("C:\Program Files (x86)\MiKTeX 2.9\tex\latex\graphics\lscape.sty"
Package: lscape 2000/10/22 v3.01 Landscape Pages (DPC)
)
Package pdflscape Info: Auto-detected driver: pdftex on input line 81.
)
("C:\Program Files (x86)\MiKTeX 2.9\tex\latex\notoccite\notoccite.sty"
Package: notoccite 2000/07/20
)
("C:\Program Files (x86)\MiKTeX 2.9\tex\latex\base\textcomp.sty"
Package: textcomp 2005/09/27 v1.99g Standard LaTeX package
Package textcomp Info: Sub-encoding information:
(textcomp)               5 = only ISO-Adobe without \textcurrency
(textcomp)               4 = 5 + \texteuro
(textcomp)               3 = 4 + \textohm
(textcomp)               2 = 3 + \textestimated + \textcurrency
(textcomp)               1 = TS1 - \textcircled - \t
(textcomp)               0 = TS1 (full)
(textcomp)             Font families with sub-encoding setting implement
(textcomp)             only a restricted character set as indicated.
(textcomp)             Family '?' is the default used for unknown fonts.
(textcomp)             See the documentation for details.
Package textcomp Info: Setting ? sub-encoding to TS1/1 on input line 79.

("C:\Program Files (x86)\MiKTeX 2.9\tex\latex\base\ts1enc.def"
File: ts1enc.def 2001/06/05 v3.0e (jk/car/fm) Standard LaTeX file
)
LaTeX Info: Redefining \oldstylenums on input line 334.
Package textcomp Info: Setting cmr sub-encoding to TS1/0 on input line 349.
Package textcomp Info: Setting cmss sub-encoding to TS1/0 on input line 350.
Package textcomp Info: Setting cmtt sub-encoding to TS1/0 on input line 351.
Package textcomp Info: Setting cmvtt sub-encoding to TS1/0 on input line 352.
Package textcomp Info: Setting cmbr sub-encoding to TS1/0 on input line 353.
Package textcomp Info: Setting cmtl sub-encoding to TS1/0 on input line 354.
Package textcomp Info: Setting ccr sub-encoding to TS1/0 on input line 355.
Package textcomp Info: Setting ptm sub-encoding to TS1/4 on input line 356.
Package textcomp Info: Setting pcr sub-encoding to TS1/4 on input line 357.
Package textcomp Info: Setting phv sub-encoding to TS1/4 on input line 358.
Package textcomp Info: Setting ppl sub-encoding to TS1/3 on input line 359.
Package textcomp Info: Setting pag sub-encoding to TS1/4 on input line 360.
Package textcomp Info: Setting pbk sub-encoding to TS1/4 on input line 361.
Package textcomp Info: Setting pnc sub-encoding to TS1/4 on input line 362.
Package textcomp Info: Setting pzc sub-encoding to TS1/4 on input line 363.
Package textcomp Info: Setting bch sub-encoding to TS1/4 on input line 364.
Package textcomp Info: Setting put sub-encoding to TS1/5 on input line 365.
Package textcomp Info: Setting uag sub-encoding to TS1/5 on input line 366.
Package textcomp Info: Setting ugq sub-encoding to TS1/5 on input line 367.
Package textcomp Info: Setting ul8 sub-encoding to TS1/4 on input line 368.
Package textcomp Info: Setting ul9 sub-encoding to TS1/4 on input line 369.
Package textcomp Info: Setting augie sub-encoding to TS1/5 on input line 370.
Package textcomp Info: Setting dayrom sub-encoding to TS1/3 on input line 371.
Package textcomp Info: Setting dayroms sub-encoding to TS1/3 on input line 372.

Package textcomp Info: Setting pxr sub-encoding to TS1/0 on input line 373.
Package textcomp Info: Setting pxss sub-encoding to TS1/0 on input line 374.
Package textcomp Info: Setting pxtt sub-encoding to TS1/0 on input line 375.
Package textcomp Info: Setting txr sub-encoding to TS1/0 on input line 376.
Package textcomp Info: Setting txss sub-encoding to TS1/0 on input line 377.
Package textcomp Info: Setting txtt sub-encoding to TS1/0 on input line 378.
Package textcomp Info: Setting lmr sub-encoding to TS1/0 on input line 379.
Package textcomp Info: Setting lmdh sub-encoding to TS1/0 on input line 380.
Package textcomp Info: Setting lmss sub-encoding to TS1/0 on input line 381.
Package textcomp Info: Setting lmssq sub-encoding to TS1/0 on input line 382.
Package textcomp Info: Setting lmvtt sub-encoding to TS1/0 on input line 383.
Package textcomp Info: Setting lmtt sub-encoding to TS1/0 on input line 384.
Package textcomp Info: Setting qhv sub-encoding to TS1/0 on input line 385.
Package textcomp Info: Setting qag sub-encoding to TS1/0 on input line 386.
Package textcomp Info: Setting qbk sub-encoding to TS1/0 on input line 387.
Package textcomp Info: Setting qcr sub-encoding to TS1/0 on input line 388.
Package textcomp Info: Setting qcs sub-encoding to TS1/0 on input line 389.
Package textcomp Info: Setting qpl sub-encoding to TS1/0 on input line 390.
Package textcomp Info: Setting qtm sub-encoding to TS1/0 on input line 391.
Package textcomp Info: Setting qzc sub-encoding to TS1/0 on input line 392.
Package textcomp Info: Setting qhvc sub-encoding to TS1/0 on input line 393.
Package textcomp Info: Setting futs sub-encoding to TS1/4 on input line 394.
Package textcomp Info: Setting futx sub-encoding to TS1/4 on input line 395.
Package textcomp Info: Setting futj sub-encoding to TS1/4 on input line 396.
Package textcomp Info: Setting hlh sub-encoding to TS1/3 on input line 397.
Package textcomp Info: Setting hls sub-encoding to TS1/3 on input line 398.
Package textcomp Info: Setting hlst sub-encoding to TS1/3 on input line 399.
Package textcomp Info: Setting hlct sub-encoding to TS1/5 on input line 400.
Package textcomp Info: Setting hlx sub-encoding to TS1/5 on input line 401.
Package textcomp Info: Setting hlce sub-encoding to TS1/5 on input line 402.
Package textcomp Info: Setting hlcn sub-encoding to TS1/5 on input line 403.
Package textcomp Info: Setting hlcw sub-encoding to TS1/5 on input line 404.
Package textcomp Info: Setting hlcf sub-encoding to TS1/5 on input line 405.
Package textcomp Info: Setting pplx sub-encoding to TS1/3 on input line 406.
Package textcomp Info: Setting pplj sub-encoding to TS1/3 on input line 407.
Package textcomp Info: Setting ptmx sub-encoding to TS1/4 on input line 408.
Package textcomp Info: Setting ptmj sub-encoding to TS1/4 on input line 409.
)
("C:\Program Files (x86)\MiKTeX 2.9\tex\latex\was\gensymb.sty"
Package: gensymb 2003/07/02 v1.0 (WaS)
)
("C:\Program Files (x86)\MiKTeX 2.9\tex\latex\tools\tabularx.sty"
Package: tabularx 2016/02/03 v2.11 `tabularx' package (DPC)

("C:\Program Files (x86)\MiKTeX 2.9\tex\latex\tools\array.sty"
Package: array 2014/10/28 v2.4c Tabular extension package (FMi)
\col@sep=\dimen133
\extrarowheight=\dimen134
\NC@list=\toks22
\extratabsurround=\skip50
\backup@length=\skip51
)
\TX@col@width=\dimen135
\TX@old@table=\dimen136
\TX@old@col=\dimen137
\TX@target=\dimen138
\TX@delta=\dimen139
\TX@cols=\count116
\TX@ftn=\toks23
)
("Thesis doc V0.1.aux")
\openout1 = `"Thesis doc V0.1.aux"'.

LaTeX Font Info:    Checking defaults for OML/cmm/m/it on input line 48.
LaTeX Font Info:    ... okay on input line 48.
LaTeX Font Info:    Checking defaults for T1/cmr/m/n on input line 48.
LaTeX Font Info:    ... okay on input line 48.
LaTeX Font Info:    Checking defaults for OT1/cmr/m/n on input line 48.
LaTeX Font Info:    ... okay on input line 48.
LaTeX Font Info:    Checking defaults for OMS/cmsy/m/n on input line 48.
LaTeX Font Info:    ... okay on input line 48.
LaTeX Font Info:    Checking defaults for OMX/cmex/m/n on input line 48.
LaTeX Font Info:    ... okay on input line 48.
LaTeX Font Info:    Checking defaults for U/cmr/m/n on input line 48.
LaTeX Font Info:    ... okay on input line 48.
LaTeX Font Info:    Checking defaults for PD1/pdf/m/n on input line 48.
LaTeX Font Info:    ... okay on input line 48.
LaTeX Font Info:    Checking defaults for TS1/cmr/m/n on input line 48.
LaTeX Font Info:    Try loading font information for TS1+cmr on input line 48.

("C:\Program Files (x86)\MiKTeX 2.9\tex\latex\base\ts1cmr.fd"
File: ts1cmr.fd 2014/09/29 v2.5h Standard LaTeX font definitions
)
LaTeX Font Info:    ... okay on input line 48.

("C:\Program Files (x86)\MiKTeX 2.9\tex\context\base\supp-pdf.mkii"
[Loading MPS to PDF converter (version 2006.09.02).]
\scratchcounter=\count117
\scratchdimen=\dimen140
\scratchbox=\box29
\nofMPsegments=\count118
\nofMParguments=\count119
\everyMPshowfont=\toks24
\MPscratchCnt=\count120
\MPscratchDim=\dimen141
\MPnumerator=\count121
\makeMPintoPDFobject=\count122
\everyMPtoPDFconversion=\toks25
) ("C:\Program Files (x86)\MiKTeX 2.9\tex\latex\oberdiek\epstopdf-base.sty"
Package: epstopdf-base 2016/05/15 v2.6 Base part for package epstopdf

("C:\Program Files (x86)\MiKTeX 2.9\tex\latex\oberdiek\grfext.sty"
Package: grfext 2016/05/16 v1.2 Manage graphics extensions (HO)
)
Package epstopdf-base Info: Redefining graphics rule for `.eps' on input line 4
38.
Package grfext Info: Graphics extension search list:
(grfext)             [.png,.pdf,.jpg,.mps,.jpeg,.jbig2,.jb2,.PNG,.PDF,.JPG,.JPE
G,.JBIG2,.JB2,.eps]
(grfext)             \AppendGraphicsExtensions on input line 456.
)
*geometry* driver: auto-detecting
*geometry* detected driver: pdftex
*geometry* verbose mode - [ preamble ] result:
* driver: pdftex
* paper: a4paper
* layout: <same size as paper>
* layoutoffset:(h,v)=(0.0pt,0.0pt)
* modes: 
* h-part:(L,W,R)=(56.9055pt, 483.69687pt, 56.9055pt)
* v-part:(T,H,B)=(56.9055pt, 731.23584pt, 56.9055pt)
* \paperwidth=597.50787pt
* \paperheight=845.04684pt
* \textwidth=483.69687pt
* \textheight=731.23584pt
* \oddsidemargin=-15.36449pt
* \evensidemargin=-15.36449pt
* \topmargin=-52.36449pt
* \headheight=12.0pt
* \headsep=25.0pt
* \topskip=11.0pt
* \footskip=30.0pt
* \marginparwidth=50.0pt
* \marginparsep=10.0pt
* \columnsep=10.0pt
* \skip\footins=10.0pt plus 4.0pt minus 2.0pt
* \hoffset=0.0pt
* \voffset=0.0pt
* \mag=1000
* \@twocolumnfalse
* \@twosidefalse
* \@mparswitchfalse
* \@reversemarginfalse
* (1in=72.27pt=25.4mm, 1cm=28.453pt)

\AtBeginShipoutBox=\box30
Package hyperref Info: Link coloring OFF on input line 48.
("C:\Program Files (x86)\MiKTeX 2.9\tex\latex\hyperref\nameref.sty"
Package: nameref 2016/05/21 v2.44 Cross-referencing by name of section

("C:\Program Files (x86)\MiKTeX 2.9\tex\generic\oberdiek\gettitlestring.sty"
Package: gettitlestring 2016/05/16 v1.5 Cleanup title references (HO)
)
\c@section@level=\count123
)
LaTeX Info: Redefining \ref on input line 48.
LaTeX Info: Redefining \pageref on input line 48.
LaTeX Info: Redefining \nameref on input line 48.

("Thesis doc V0.1.out") ("Thesis doc V0.1.out")
\@outlinefile=\write4
\openout4 = `"Thesis doc V0.1.out"'.

\symgns@font=\mathgroup4
LaTeX Font Info:    Overwriting symbol font `gns@font' in version `bold'
(Font)                  TS1/cmr/m/n --> TS1/cmr/bx/n on input line 48.
Package gensymb Info: Math companion symbols declared on input line 48.
LaTeX Info: Redefining \degree on input line 48.
LaTeX Info: Redefining \celsius on input line 48.
Package gensymb Info: Using text companion symbols for \degree, \celsius and \p
erthousand on input line 48.
LaTeX Info: Redefining \ohm on input line 48.
Package gensymb Info: Using \textohm for \ohm on input line 48.
Package gensymb Info: Using \textmu for \micro on input line 48.

<C:/"Google Drive"/thesis/Document/Pictures/UCTLogo.jpg, id=303, 1347.0325pt x 
1363.0925pt>
File: C:/"Google Drive"/thesis/Document/Pictures/UCTLogo.jpg Graphic file (type
 jpg)
 <use C:/"Google Drive"/thesis/Document/Pictures/UCTLogo.jpg>
Package pdftex.def Info: C:/"Google Drive"/thesis/Document/Pictures/UCTLogo.jpg
 used on input line 59.
(pdftex.def)             Requested size: 269.40173pt x 272.61366pt.

[1

{C:/ProgramData/MiKTeX/2.9/pdftex/config/pdftex.map} <C:/Google Drive/thesis/Do
cument/Pictures/UCTLogo.jpg>]
Missing character: There is no â in font cmr10!
Missing character: There is no € in font cmr10!
Missing character: There is no ™ in font cmr10!
Missing character: There is no â in font cmr10!
Missing character: There is no € in font cmr10!
Missing character: There is no ™ in font cmr10!
pdfTeX warning (ext4): destination with the same identifier (name{page.1}) has 
been already used, duplicate ignored
<to be read again> 
                   \relax 
l.109 	\newpage
                [1] [1] [2] [3] ("Thesis doc V0.1.toc" [4] [5])
\tf@toc=\write5
\openout5 = `"Thesis doc V0.1.toc"'.

 [6]
("Thesis doc V0.1.lof"
Overfull \hbox (2.79828pt too wide) detected at line 23
\OT1/cmr/m/n/10.95 6.2.10 
 []


Overfull \hbox (2.79828pt too wide) detected at line 24
\OT1/cmr/m/n/10.95 6.2.11 
 []

)
\tf@lof=\write6
\openout6 = `"Thesis doc V0.1.lof"'.

 [7] ("Thesis doc V0.1.lot")
\tf@lot=\write7
\openout7 = `"Thesis doc V0.1.lot"'.

 [8] ("Thesis doc V0.1.nls") [9]pdfTeX warning (ext4): destination with the sam
e identifier (name{page.1}) has been already used, duplicate ignored
<to be read again> 
                   \relax 
l.224 	\newpage
                [1]
<C:/"Google Drive"/thesis/Document/Pictures/PortVM.jpg, id=515, 1606.0pt x 903.
375pt>
File: C:/"Google Drive"/thesis/Document/Pictures/PortVM.jpg Graphic file (type 
jpg)
 <use C:/"Google Drive"/thesis/Document/Pictures/PortVM.jpg>
Package pdftex.def Info: C:/"Google Drive"/thesis/Document/Pictures/PortVM.jpg 
used on input line 238.
(pdftex.def)             Requested size: 321.19432pt x 180.6718pt.
 [2 <C:/Google Drive/thesis/Document/Pictures/PortVM.jpg>]
<C:/"Google Drive"/thesis/Document/Pictures/med1.jpg, id=525, 916.42375pt x 749
.80125pt>
File: C:/"Google Drive"/thesis/Document/Pictures/med1.jpg Graphic file (type jp
g)
 <use C:/"Google Drive"/thesis/Document/Pictures/med1.jpg>
Package pdftex.def Info: C:/"Google Drive"/thesis/Document/Pictures/med1.jpg us
ed on input line 250.
(pdftex.def)             Requested size: 183.2815pt x 149.9576pt.
 [3 <C:/Google Drive/thesis/Document/Pictures/med1.jpg>]
<C:/"Google Drive"/thesis/Document/Pictures/med2.jpg, id=533, 920.43875pt x 764
.8575pt>
File: C:/"Google Drive"/thesis/Document/Pictures/med2.jpg Graphic file (type jp
g)
 <use C:/"Google Drive"/thesis/Document/Pictures/med2.jpg>
Package pdftex.def Info: C:/"Google Drive"/thesis/Document/Pictures/med2.jpg us
ed on input line 266.
(pdftex.def)             Requested size: 230.10912pt x 191.2139pt.
 [4 <C:/Google Drive/thesis/Document/Pictures/med2.jpg>]
<C:/"Google Drive"/thesis/Document/Pictures/I2CRCFilter.jpg, id=543, 1142.2675p
t x 467.7475pt>
File: C:/"Google Drive"/thesis/Document/Pictures/I2CRCFilter.jpg Graphic file (
type jpg)

<use C:/"Google Drive"/thesis/Document/Pictures/I2CRCFilter.jpg>
Package pdftex.def Info: C:/"Google Drive"/thesis/Document/Pictures/I2CRCFilter
.jpg used on input line 289.
(pdftex.def)             Requested size: 456.89891pt x 187.09567pt.
 [5 <C:/Google Drive/thesis/Document/Pictures/I2CRCFilter.jpg>]
<C:/"Google Drive"/thesis/Document/Pictures/MaximSoftUartFig1.jpg, id=555, 180.
675pt x 93.2283pt>
File: C:/"Google Drive"/thesis/Document/Pictures/MaximSoftUartFig1.jpg Graphic 
file (type jpg)

<use C:/"Google Drive"/thesis/Document/Pictures/MaximSoftUartFig1.jpg>
Package pdftex.def Info: C:/"Google Drive"/thesis/Document/Pictures/MaximSoftUa
rtFig1.jpg used on input line 303.
(pdftex.def)             Requested size: 361.34909pt x 186.45615pt.
 [6 <C:/Google Drive/thesis/Document/Pictures/MaximSoftUartFig1.jpg>]
<C:/"Google Drive"/thesis/Document/Pictures/125KhzUART.jpg, id=570, 252.945pt x
 189.70876pt>
File: C:/"Google Drive"/thesis/Document/Pictures/125KhzUART.jpg Graphic file (t
ype jpg)
 <use C:/"Google Drive"/thesis/Document/Pictures/125KhzUART.jpg>
Package pdftex.def Info: C:/"Google Drive"/thesis/Document/Pictures/125KhzUART.
jpg used on input line 322.
(pdftex.def)             Requested size: 252.94438pt x 189.70828pt.

[7 <C:/Google Drive/thesis/Document/Pictures/125KhzUART.jpg>]
<C:/"Google Drive"/thesis/Document/Pictures/NetcraftSurvey.jpg, id=584, 724.707
5pt x 344.28625pt>
File: C:/"Google Drive"/thesis/Document/Pictures/NetcraftSurvey.jpg Graphic fil
e (type jpg)

<use C:/"Google Drive"/thesis/Document/Pictures/NetcraftSurvey.jpg>
Package pdftex.def Info: C:/"Google Drive"/thesis/Document/Pictures/NetcraftSur
vey.jpg used on input line 337.
(pdftex.def)             Requested size: 434.82785pt x 206.57333pt.
 [8 <C:/Google Drive/thesis/Document/Pictures/NetcraftSurvey.jpg>] [9]
<C:/"Google Drive"/thesis/Document/Pictures/SpecDef.jpg, id=601, 2928.9425pt x 
1504.62125pt>
File: C:/"Google Drive"/thesis/Document/Pictures/SpecDef.jpg Graphic file (type
 jpg)
 <use C:/"Google Drive"/thesis/Document/Pictures/SpecDef.jpg>
Package pdftex.def Info: C:/"Google Drive"/thesis/Document/Pictures/SpecDef.jpg
 used on input line 361.
(pdftex.def)             Requested size: 439.32242pt x 225.68344pt.

[10 <C:/Google Drive/thesis/Document/Pictures/SpecDef.jpg>]
<C:/"Google Drive"/thesis/Document/Pictures/ComponentTubes.jpg, id=609, 3703.83
75pt x 391.4625pt>
File: C:/"Google Drive"/thesis/Document/Pictures/ComponentTubes.jpg Graphic fil
e (type jpg)

<use C:/"Google Drive"/thesis/Document/Pictures/ComponentTubes.jpg>
Package pdftex.def Info: C:/"Google Drive"/thesis/Document/Pictures/ComponentTu
bes.jpg used on input line 402.
(pdftex.def)             Requested size: 481.51578pt x 50.8919pt.
 [11 <C:/Google Drive/thesis/Document/Pictures/ComponentTubes.jpg>] [12] [13] [
14]
<C:/"Google Drive"/thesis/Document/Pictures/guide1.jpg, id=628, 1629.08624pt x 
737.75626pt>
File: C:/"Google Drive"/thesis/Document/Pictures/guide1.jpg Graphic file (type 
jpg)
 <use C:/"Google Drive"/thesis/Document/Pictures/guide1.jpg>
Package pdftex.def Info: C:/"Google Drive"/thesis/Document/Pictures/guide1.jpg 
used on input line 478.
(pdftex.def)             Requested size: 325.81148pt x 147.54863pt.

[15 <C:/Google Drive/thesis/Document/Pictures/guide1.jpg>]
<C:/"Google Drive"/thesis/Document/Pictures/guide2.jpg, id=633, 772.38562pt x 4
31.36156pt>
File: C:/"Google Drive"/thesis/Document/Pictures/guide2.jpg Graphic file (type 
jpg)
 <use C:/"Google Drive"/thesis/Document/Pictures/guide2.jpg>
Package pdftex.def Info: C:/"Google Drive"/thesis/Document/Pictures/guide2.jpg 
used on input line 490.
(pdftex.def)             Requested size: 231.71747pt x 129.40945pt.

<C:/"Google Drive"/thesis/Document/Pictures/guide3.jpg, id=634, 792.71156pt x 3
88.45125pt>
File: C:/"Google Drive"/thesis/Document/Pictures/guide3.jpg Graphic file (type 
jpg)
 <use C:/"Google Drive"/thesis/Document/Pictures/guide3.jpg>
Package pdftex.def Info: C:/"Google Drive"/thesis/Document/Pictures/guide3.jpg 
used on input line 500.
(pdftex.def)             Requested size: 356.7169pt x 174.80144pt.

[16 <C:/Google Drive/thesis/Document/Pictures/guide2.jpg> <C:/Google Drive/thes
is/Document/Pictures/guide3.jpg>]
<C:/"Google Drive"/thesis/Document/Pictures/guide4.jpg, id=639, 215.30438pt x 1
86.6975pt>
File: C:/"Google Drive"/thesis/Document/Pictures/guide4.jpg Graphic file (type 
jpg)
 <use C:/"Google Drive"/thesis/Document/Pictures/guide4.jpg>
Package pdftex.def Info: C:/"Google Drive"/thesis/Document/Pictures/guide4.jpg 
used on input line 508.
(pdftex.def)             Requested size: 215.30385pt x 186.69704pt.

<C:/"Google Drive"/thesis/Document/Pictures/v1.jpg, id=642, 866.23625pt x 491.8
375pt>
File: C:/"Google Drive"/thesis/Document/Pictures/v1.jpg Graphic file (type jpg)

 <use C:/"Google Drive"/thesis/Document/Pictures/v1.jpg>
Package pdftex.def Info: C:/"Google Drive"/thesis/Document/Pictures/v1.jpg used
 on input line 522.
(pdftex.def)             Requested size: 259.87288pt x 147.55238pt.
 [17 <C:/Google Drive/thesis/Document/Pictures/guide4.jpg> <C:/Google Drive/the
sis/Document/Pictures/v1.jpg>]
<C:/"Google Drive"/thesis/Document/Pictures/VertV1.jpg, id=650, 1965.3425pt x 4
97.86pt>
File: C:/"Google Drive"/thesis/Document/Pictures/VertV1.jpg Graphic file (type 
jpg)
 <use C:/"Google Drive"/thesis/Document/Pictures/VertV1.jpg>
Package pdftex.def Info: C:/"Google Drive"/thesis/Document/Pictures/VertV1.jpg 
used on input line 530.
(pdftex.def)             Requested size: 471.69185pt x 119.48883pt.
 [18 <C:/Google Drive/thesis/Document/Pictures/VertV1.jpg>]
<C:/"Google Drive"/thesis/Document/Pictures/verttv1real.jpg, id=661, 1589.94pt 
x 1921.1775pt>
File: C:/"Google Drive"/thesis/Document/Pictures/verttv1real.jpg Graphic file (
type jpg)

<use C:/"Google Drive"/thesis/Document/Pictures/verttv1real.jpg>
Package pdftex.def Info: C:/"Google Drive"/thesis/Document/Pictures/verttv1real
.jpg used on input line 544.
(pdftex.def)             Requested size: 159.00331pt x 192.129pt.

<C:/"Google Drive"/thesis/Document/Pictures/DIPJAM.jpg, id=663, 451.6875pt x 18
0.675pt>
File: C:/"Google Drive"/thesis/Document/Pictures/DIPJAM.jpg Graphic file (type 
jpg)
 <use C:/"Google Drive"/thesis/Document/Pictures/DIPJAM.jpg>
Package pdftex.def Info: C:/"Google Drive"/thesis/Document/Pictures/DIPJAM.jpg 
used on input line 552.
(pdftex.def)             Requested size: 180.67178pt x 72.2687pt.

<C:/"Google Drive"/thesis/Document/Pictures/vertv2.jpg, id=664, 992.20688pt x 4
17.81094pt>
File: C:/"Google Drive"/thesis/Document/Pictures/vertv2.jpg Graphic file (type 
jpg)
 <use C:/"Google Drive"/thesis/Document/Pictures/vertv2.jpg>
Package pdftex.def Info: C:/"Google Drive"/thesis/Document/Pictures/vertv2.jpg 
used on input line 563.
(pdftex.def)             Requested size: 297.66437pt x 125.34424pt.

[19 <C:/Google Drive/thesis/Document/Pictures/verttv1real.jpg> <C:/Google Drive
/thesis/Document/Pictures/DIPJAM.jpg> <C:/Google Drive/thesis/Document/Pictures
/vertv2.jpg>]
<C:/"Google Drive"/thesis/Document/Pictures/horv1.jpg, id=670, 787.94376pt x 60
5.26125pt>
File: C:/"Google Drive"/thesis/Document/Pictures/horv1.jpg Graphic file (type j
pg)
 <use C:/"Google Drive"/thesis/Document/Pictures/horv1.jpg>
Package pdftex.def Info: C:/"Google Drive"/thesis/Document/Pictures/horv1.jpg u
sed on input line 575.
(pdftex.def)             Requested size: 236.38495pt x 181.57976pt.

<C:/"Google Drive"/thesis/Document/Pictures/hr1.jpg, id=675, 58.90005pt x 41.01
323pt>
File: C:/"Google Drive"/thesis/Document/Pictures/hr1.jpg Graphic file (type jpg
)
 <use C:/"Google Drive"/thesis/Document/Pictures/hr1.jpg>
Package pdftex.def Info: C:/"Google Drive"/thesis/Document/Pictures/hr1.jpg use
d on input line 583.
(pdftex.def)             Requested size: 294.49951pt x 205.06554pt.
 [20 <C:/Google Drive/thesis/Document/Pictures/horv1.jpg>]
<C:/"Google Drive"/thesis/Document/Pictures/horv1real.jpg, id=686, 2318.6625pt 
x 2026.57124pt>
File: C:/"Google Drive"/thesis/Document/Pictures/horv1real.jpg Graphic file (ty
pe jpg)
 <use C:/"Google Drive"/thesis/Document/Pictures/horv1real.jpg>
Package pdftex.def Info: C:/"Google Drive"/thesis/Document/Pictures/horv1real.j
pg used on input line 599.
(pdftex.def)             Requested size: 231.87984pt x 202.66899pt.

[21 <C:/Google Drive/thesis/Document/Pictures/hr1.jpg>]
<C:/"Google Drive"/thesis/Document/Pictures/hfinal.jpg, id=692, 985.6825pt x 64
0.3925pt>
File: C:/"Google Drive"/thesis/Document/Pictures/hfinal.jpg Graphic file (type 
jpg)
 <use C:/"Google Drive"/thesis/Document/Pictures/hfinal.jpg>
Package pdftex.def Info: C:/"Google Drive"/thesis/Document/Pictures/hfinal.jpg 
used on input line 610.
(pdftex.def)             Requested size: 295.70703pt x 192.11923pt.
 [22 <C:/Google Drive/thesis/Document/Pictures/horv1real.jpg> <C:/Google Drive/
thesis/Document/Pictures/hfinal.jpg>]
<C:/"Google Drive"/thesis/Document/Pictures/hfinalcomp.jpg, id=697, 1876.00874p
t x 716.6775pt>
File: C:/"Google Drive"/thesis/Document/Pictures/hfinalcomp.jpg Graphic file (t
ype jpg)

<use C:/"Google Drive"/thesis/Document/Pictures/hfinalcomp.jpg>
Package pdftex.def Info: C:/"Google Drive"/thesis/Document/Pictures/hfinalcomp.
jpg used on input line 618.
(pdftex.def)             Requested size: 469.00104pt x 179.16893pt.

<C:/"Google Drive"/thesis/Document/Pictures/Rollers.jpg, id=698, 1816.7875pt x 
1015.795pt>
File: C:/"Google Drive"/thesis/Document/Pictures/Rollers.jpg Graphic file (type
 jpg)
 <use C:/"Google Drive"/thesis/Document/Pictures/Rollers.jpg>
Package pdftex.def Info: C:/"Google Drive"/thesis/Document/Pictures/Rollers.jpg
 used on input line 626.
(pdftex.def)             Requested size: 454.19577pt x 253.94812pt.

[23 <C:/Google Drive/thesis/Document/Pictures/hfinalcomp.jpg> <C:/Google Drive/
thesis/Document/Pictures/Rollers.jpg>] [24] [25] [26] [27] [28]
("Thesis doc V0.1.bbl" [29]) [30]
<C:/"Google Drive"/thesis/Document/Pictures/RMM.jpg, id=759, 3237.09375pt x 165
4.18pt>
File: C:/"Google Drive"/thesis/Document/Pictures/RMM.jpg Graphic file (type jpg
)
 <use C:/"Google Drive"/thesis/Document/Pictures/RMM.jpg>
Package pdftex.def Info: C:/"Google Drive"/thesis/Document/Pictures/RMM.jpg use
d on input line 717.
(pdftex.def)             Requested size: 712.16284pt x 363.92073pt.
 [31

 <C:/Google Drive/thesis/Document/Pictures/RMM.jpg>]
<C:/"Google Drive"/thesis/Document/Pictures/guidedet.jpg, id=764, 438.8897pt x 
555.57562pt>
File: C:/"Google Drive"/thesis/Document/Pictures/guidedet.jpg Graphic file (typ
e jpg)
 <use C:/"Google Drive"/thesis/Document/Pictures/guidedet.jpg>
Package pdftex.def Info: C:/"Google Drive"/thesis/Document/Pictures/guidedet.jp
g used on input line 725.
(pdftex.def)             Requested size: 394.99707pt x 500.01343pt.

[32

 <C:/Google Drive/thesis/Document/Pictures/guidedet.jpg>]
<C:/"Google Drive"/thesis/Document/Pictures/guideholddet.jpg, id=770, 492.33937
pt x 612.03656pt>
File: C:/"Google Drive"/thesis/Document/Pictures/guideholddet.jpg Graphic file 
(type jpg)

<use C:/"Google Drive"/thesis/Document/Pictures/guideholddet.jpg>
Package pdftex.def Info: C:/"Google Drive"/thesis/Document/Pictures/guideholdde
t.jpg used on input line 732.
(pdftex.def)             Requested size: 443.10132pt x 550.82782pt.
 [33 <C:/Google Drive/thesis/Document/Pictures/guideholddet.jpg>]
<C:/"Google Drive"/thesis/Document/Pictures/comparison1.jpg, id=775, 537.50812p
t x 639.13782pt>
File: C:/"Google Drive"/thesis/Document/Pictures/comparison1.jpg Graphic file (
type jpg)

<use C:/"Google Drive"/thesis/Document/Pictures/comparison1.jpg>
Package pdftex.def Info: C:/"Google Drive"/thesis/Document/Pictures/comparison1
.jpg used on input line 739.
(pdftex.def)             Requested size: 483.75284pt x 575.21872pt.
 [34 <C:/Google Drive/thesis/Document/Pictures/comparison1.jpg>]
<C:/"Google Drive"/thesis/Document/Pictures/ideah1.jpg, id=780, 247.6452pt x 35
0.7504pt>
File: C:/"Google Drive"/thesis/Document/Pictures/ideah1.jpg Graphic file (type 
jpg)
 <use C:/"Google Drive"/thesis/Document/Pictures/ideah1.jpg>
Package pdftex.def Info: C:/"Google Drive"/thesis/Document/Pictures/ideah1.jpg 
used on input line 746.
(pdftex.def)             Requested size: 470.52318pt x 666.42198pt.
 [35 <C:/Google Drive/thesis/Document/Pictures/ideah1.jpg>]
File: C:/"Google Drive"/thesis/Document/Pictures/comparison1.jpg Graphic file (
type jpg)

<use C:/"Google Drive"/thesis/Document/Pictures/comparison1.jpg>
Package pdftex.def Info: C:/"Google Drive"/thesis/Document/Pictures/comparison1
.jpg used on input line 753.
(pdftex.def)             Requested size: 483.75284pt x 575.21872pt.

<C:/"Google Drive"/thesis/Document/Pictures/horfinalall.jpg, id=785, 405.6756pt
 x 569.4876pt>
File: C:/"Google Drive"/thesis/Document/Pictures/horfinalall.jpg Graphic file (
type jpg)

<use C:/"Google Drive"/thesis/Document/Pictures/horfinalall.jpg>
Package pdftex.def Info: C:/"Google Drive"/thesis/Document/Pictures/horfinalall
.jpg used on input line 759.
(pdftex.def)             Requested size: 482.75377pt x 677.68997pt.
 [36] [37 <C:/Google Drive/thesis/Document/Pictures/horfinalall.jpg>] [38] [39]
Package atveryend Info: Empty hook `BeforeClearDocument' on input line 775.
 [40]
Package atveryend Info: Empty hook `AfterLastShipout' on input line 775.

("Thesis doc V0.1.aux")
Package atveryend Info: Executing hook `AtVeryEndDocument' on input line 775.
Package atveryend Info: Executing hook `AtEndAfterFileList' on input line 775.
Package rerunfilecheck Info: File `"Thesis doc V0.1".out' has not changed.
(rerunfilecheck)             Checksum: 775A0DB97D28F7F621DCA6C7BA69A994;5798.
Package atveryend Info: Empty hook `AtVeryVeryEnd' on input line 775.
 ) 
Here is how much of TeX's memory you used:
 7684 strings out of 493335
 117074 string characters out of 3136681
 207189 words of memory out of 3000000
 10890 multiletter control sequences out of 15000+200000
 14678 words of font info for 51 fonts, out of 3000000 for 9000
 1141 hyphenation exceptions out of 8191
 29i,11n,32p,1255b,472s stack positions out of 5000i,500n,10000p,200000b,50000s
 <C:\Users\Baden\AppData\Local\MiKTeX\2.9\fonts\pk\ljfour\jknappen\ec\dpi600\
tcrm1095.pk><C:/Program Files (x86)/MiKTeX 2.9/fonts/type1/public/amsfonts/cm/c
mbx10.pfb><C:/Program Files (x86)/MiKTeX 2.9/fonts/type1/public/amsfonts/cm/cmb
x12.pfb><C:/Program Files (x86)/MiKTeX 2.9/fonts/type1/public/amsfonts/cm/cmmi1
0.pfb><C:/Program Files (x86)/MiKTeX 2.9/fonts/type1/public/amsfonts/cm/cmmi8.p
fb><C:/Program Files (x86)/MiKTeX 2.9/fonts/type1/public/amsfonts/cm/cmr10.pfb>
<C:/Program Files (x86)/MiKTeX 2.9/fonts/type1/public/amsfonts/cm/cmr12.pfb><C:
/Program Files (x86)/MiKTeX 2.9/fonts/type1/public/amsfonts/cm/cmr17.pfb><C:/Pr
ogram Files (x86)/MiKTeX 2.9/fonts/type1/public/amsfonts/cm/cmr8.pfb><C:/Progra
m Files (x86)/MiKTeX 2.9/fonts/type1/public/amsfonts/cm/cmsy8.pfb><C:/Program F
iles (x86)/MiKTeX 2.9/fonts/type1/public/amsfonts/cm/cmti10.pfb>
Output written on "Thesis doc V0.1.pdf" (51 pages, 10349384 bytes).
PDF statistics:
 887 PDF objects out of 1000 (max. 8388607)
 182 named destinations out of 1000 (max. 500000)
 756 words of extra memory for PDF output out of 10000 (max. 10000000)

