\BOOKMARK [1][-]{section.1}{Introduction}{}% 1
\BOOKMARK [2][-]{subsection.1.1}{Subject and motivation for the Research}{section.1}% 2
\BOOKMARK [2][-]{subsection.1.2}{Background to the Research}{section.1}% 3
\BOOKMARK [2][-]{subsection.1.3}{ Objectives of this Research}{section.1}% 4
\BOOKMARK [3][-]{subsubsection.1.3.1}{Problems to be investigated}{subsection.1.3}% 5
\BOOKMARK [3][-]{subsubsection.1.3.2}{Purpose of this study}{subsection.1.3}% 6
\BOOKMARK [2][-]{subsection.1.4}{Scope and Limitations of the Research}{section.1}% 7
\BOOKMARK [2][-]{subsection.1.5}{Plan of Development}{section.1}% 8
\BOOKMARK [1][-]{section.2}{Literature Review}{}% 9
\BOOKMARK [2][-]{subsection.2.1}{Communication between devices}{section.2}% 10
\BOOKMARK [3][-]{subsubsection.2.1.1}{I2C}{subsection.2.1}% 11
\BOOKMARK [3][-]{subsubsection.2.1.2}{RS-485/TIA-485}{subsection.2.1}% 12
\BOOKMARK [2][-]{subsection.2.2}{RFID Reader}{section.2}% 13
\BOOKMARK [3][-]{subsubsection.2.2.1}{System Specification}{subsection.2.2}% 14
\BOOKMARK [3][-]{subsubsection.2.2.2}{UCT's RFID Solution}{subsection.2.2}% 15
\BOOKMARK [2][-]{subsection.2.3}{Website, Hosting and Server}{section.2}% 16
\BOOKMARK [3][-]{subsubsection.2.3.1}{The Web server: Apache vs. Nginx }{subsection.2.3}% 17
\BOOKMARK [3][-]{subsubsection.2.3.2}{The Scripting Language: PHP}{subsection.2.3}% 18
\BOOKMARK [3][-]{subsubsection.2.3.3}{The Database: MySQL}{subsection.2.3}% 19
\BOOKMARK [1][-]{section.3}{System Specifications}{}% 20
\BOOKMARK [1][-]{section.4}{Design and Prototyping Methodology and Procedure}{}% 21
\BOOKMARK [2][-]{subsection.4.1}{Design}{section.4}% 22
\BOOKMARK [3][-]{subsubsection.4.1.1}{Mechanical Design}{subsection.4.1}% 23
\BOOKMARK [3][-]{subsubsection.4.1.2}{Circuit Design Methodology}{subsection.4.1}% 24
\BOOKMARK [3][-]{subsubsection.4.1.3}{Software Design Methodology}{subsection.4.1}% 25
\BOOKMARK [3][-]{subsubsection.4.1.4}{Prototyping Methodology and Procedure }{subsection.4.1}% 26
\BOOKMARK [1][-]{section.5}{System Design and Prototyping}{}% 27
\BOOKMARK [1][-]{section.6}{System Assembly}{}% 28
\BOOKMARK [1][-]{section.7}{Build Review, Results and Discussion}{}% 29
\BOOKMARK [1][-]{section.8}{Conclusion}{}% 30
\BOOKMARK [1][-]{section.9}{Recommendations}{}% 31
\BOOKMARK [1][-]{Appendix.1.A}{Research Mind Map}{}% 32
